BUILD LOG
---------
Build Time: 2014-07-11T10:27:04

NODEJS INFORMATION
==================
nodejs: v0.10.25
chai: 1.9.1
grunt: 0.4.5
grunt-audit: 0.0.3
grunt-concat-sourcemap: 0.4.3
grunt-contrib-concat: 0.4.0
grunt-contrib-uglify: 0.5.0
grunt-karma: 0.8.3
karma: 0.12.17
karma-crbot-reporter: 0.0.4
karma-ie-launcher: 0.1.5
karma-firefox-launcher: 0.1.3
karma-mocha: 0.1.4
karma-safari-launcher: 0.1.1
mocha: 1.20.1

REPO REVISIONS
==============
CustomElements: eef2f8f7d71ba474d40d59c743db049dbf174c0f
HTMLImports: 5b24a18efe54b3e484ea95c2d28f46d6c4ef016b
NodeBind: c47bc1b40d1cf0123b29620820a7111471e83ff3
ShadowDOM: db04e2193a076120294dbcdc86da6c3680e92828
TemplateBinding: 2a006d1635241b6a0b8ba11a8250ec1d8dacad7a
WeakMap: a0947a9a0f58f5733f464755c3b86de624b00a5d
observe-js: 18d3996727819eef3f00f9c901b7296b9e8635d3
platform-dev: e7c4866e121fe523f233f1dcca2105fb839242f2

BUILD HASHES
============
build/platform.js: 06c8f34c98d3c0f5abaa6fd7e259e3ab6b4ccfbc